<?xml version="1.0" encoding="UTF-8"?>
<!-- Generated by org.testng.reporters.JUnitReportReporter -->
<testsuite hostname="CO-IT02162" name="com.globant.tests.taller1.Taller1" tests="1" failures="0" timestamp="30 Mar 2020 02:22:42 GMT" time="0.011" errors="0">
  <testcase name="test1" time="0.011" classname="com.globant.tests.taller1.Taller1"/>
</testsuite> <!-- com.globant.tests.taller1.Taller1 -->
